<?xml version="1.0" encoding="UTF-8"?>
<!-- Generated by org.testng.reporters.JUnitXMLReporter -->
<testsuite ignored="1" hostname="LAPTOP-3EAOH64G" failures="0" tests="1" name="FirefoxTest(failed)" time="61.337" errors="0" timestamp="2022-02-01T19:56:36 IST">
  <testcase classname="test.TestNG" name="@BeforeTest launchTheBrowser" time="61.306">
    <failure type="org.openqa.selenium.SessionNotCreatedException" message="Could not start a new session. Response code 500. Message: Process unexpectedly closed with status 0
Build info: version: &amp;apos;4.1.0&amp;apos;, revision: &amp;apos;87802e897b&amp;apos;
System info: host: &amp;apos;LAPTOP-3EAOH64G&amp;apos;, ip: &amp;apos;192.168.19.167&amp;apos;, os.name: &amp;apos;Windows 10&amp;apos;, os.arch: &amp;apos;amd64&amp;apos;, os.version: &amp;apos;10.0&amp;apos;, java.version: &amp;apos;11.0.12&amp;apos;
Driver info: org.openqa.selenium.firefox.FirefoxDriver
Command: [null, newSession {capabilities=[Capabilities {acceptInsecureCerts: true, browserName: firefox, moz:debuggerAddress: true, moz:firefoxOptions: {}}], desiredCapabilities=Capabilities {acceptInsecureCerts: true, browserName: firefox, moz:debuggerAddress: true, moz:firefoxOptions: {}}}]">
      <![CDATA[org.openqa.selenium.SessionNotCreatedException: Could not start a new session. Response code 500. Message: Process unexpectedly closed with status 0
Build info: version: '4.1.0', revision: '87802e897b'
System info: host: 'LAPTOP-3EAOH64G', ip: '192.168.19.167', os.name: 'Windows 10', os.arch: 'amd64', os.version: '10.0', java.version: '11.0.12'
Driver info: org.openqa.selenium.firefox.FirefoxDriver
Command: [null, newSession {capabilities=[Capabilities {acceptInsecureCerts: true, browserName: firefox, moz:debuggerAddress: true, moz:firefoxOptions: {}}], desiredCapabilities=Capabilities {acceptInsecureCerts: true, browserName: firefox, moz:debuggerAddress: true, moz:firefoxOptions: {}}}]
at org.openqa.selenium.remote.ProtocolHandshake.createSession(ProtocolHandshake.java:126)
at org.openqa.selenium.remote.ProtocolHandshake.createSession(ProtocolHandshake.java:84)
at org.openqa.selenium.remote.ProtocolHandshake.createSession(ProtocolHandshake.java:62)
at org.openqa.selenium.remote.HttpCommandExecutor.execute(HttpCommandExecutor.java:156)
at org.openqa.selenium.remote.service.DriverCommandExecutor.invokeExecute(DriverCommandExecutor.java:164)
at org.openqa.selenium.remote.service.DriverCommandExecutor.execute(DriverCommandExecutor.java:139)
at org.openqa.selenium.remote.RemoteWebDriver.execute(RemoteWebDriver.java:559)
at org.openqa.selenium.remote.RemoteWebDriver.startSession(RemoteWebDriver.java:246)
at org.openqa.selenium.remote.RemoteWebDriver.<init>(RemoteWebDriver.java:168)
at org.openqa.selenium.firefox.FirefoxDriver.<init>(FirefoxDriver.java:198)
at org.openqa.selenium.firefox.FirefoxDriver.<init>(FirefoxDriver.java:186)
at org.openqa.selenium.firefox.FirefoxDriver.<init>(FirefoxDriver.java:164)
at base.Base.openFirefoxbrowser(Base.java:22)
at test.TestNG.launchTheBrowser(TestNG.java:41)
... Removed 24 stack frames]]>
    </failure>
  </testcase> <!-- @BeforeTest launchTheBrowser -->
  <testcase classname="test.TestNG" name="@BeforeMethod loginActiTime" time="-1.643725596157E9">
    <skipped/>
  </testcase> <!-- @BeforeMethod loginActiTime -->
  <testcase classname="test.TestNG" name="@AfterMethod logOutFormActitime" time="-1.643725596172E9">
    <skipped/>
  </testcase> <!-- @AfterMethod logOutFormActitime -->
  <testcase classname="test.TestNG" name="@AfterClass closeTheBrowser" time="-1.643725596172E9">
    <skipped/>
  </testcase> <!-- @AfterClass closeTheBrowser -->
  <testcase classname="test.TestNG" name="toverifyUsertab" time="0.0">
    <skipped/>
  </testcase> <!-- toverifyUsertab -->
  <testcase classname="test.TestNG" name="toVerifyReportTab" time="0.0">
    <ignored/>
  </testcase> <!-- toVerifyReportTab -->
</testsuite> <!-- FirefoxTest(failed) -->
