<?xml version="1.0" encoding="UTF-8"?>
<!-- Generated by org.testng.reporters.JUnitXMLReporter -->
<testsuite ignored="1" hostname="LAPTOP-3EAOH64G" failures="1" tests="1" name="ChromeTest(failed)(failed)" time="222.333" errors="0" timestamp="2022-02-01T22:21:59 IST">
  <testcase classname="test.TestNG" name="toverifyUsertab" time="55.841">
    <failure type="java.lang.AssertionError" message="The following asserts failed:
	expected [4 accounts left] but found [licenseCountId]">
      <![CDATA[java.lang.AssertionError: The following asserts failed:
expected [4 accounts left] but found [licenseCountId]
at test.TestNG.toverifyUsertab(TestNG.java:89)
at java.base/java.util.ArrayList.forEach(ArrayList.java:1541)
... Removed 29 stack frames]]>
    </failure>
  </testcase> <!-- toverifyUsertab -->
  <testcase classname="test.TestNG" name="toVerifyReportTab" time="0.0">
    <ignored/>
  </testcase> <!-- toVerifyReportTab -->
</testsuite> <!-- ChromeTest(failed)(failed) -->
