<?xml version="1.0" encoding="UTF-8"?>
<!-- Generated by org.testng.reporters.JUnitXMLReporter -->
<testsuite ignored="0" hostname="LAPTOP-3EAOH64G" failures="1" tests="2" name="FirefoxTest" time="74.168" errors="0" timestamp="2022-01-26T22:42:03 IST">
  <testcase classname="test.TestNG" name="toVerifyReportTab" time="6.458"/>
  <testcase classname="test.TestNG" name="toverifyUsertab" time="7.817">
    <failure type="java.lang.AssertionError" message="The following asserts failed:
	expected [4 accounts left] but found [licenseCountId]">
      <![CDATA[java.lang.AssertionError: The following asserts failed:
expected [4 accounts left] but found [licenseCountId]
at test.TestNG.toverifyUsertab(TestNG.java:89)
at java.base/java.util.ArrayList.forEach(ArrayList.java:1541)
... Removed 29 stack frames]]>
    </failure>
  </testcase> <!-- toverifyUsertab -->
</testsuite> <!-- FirefoxTest -->
